<?xml version="1.0" encoding="UTF-8"?>
<!-- Generated by org.testng.reporters.JUnitXMLReporter -->
<testsuite ignored="0" hostname="DESKTOP-BT4GNBK" failures="0" tests="2" name="Error Validations Test" time="31.535" errors="0" timestamp="2026-04-11T22:55:44 IST">
  <testcase classname="rahulshettyacademy.tests.ErrorValidationsTest" name="LoginErrorValidation" time="1.996"/>
  <testcase classname="rahulshettyacademy.tests.ErrorValidationsTest" name="ProductErrorValidation" time="16.709"/>
</testsuite> <!-- Error Validations Test -->
