<?xml version="1.0" encoding="UTF-8"?>
<!-- Generated by org.testng.reporters.JUnitReportReporter -->
<testsuite hostname="DESKTOP-BT4GNBK" failures="0" tests="2" name="rahulshettyacademy.tests.SubmitOrderTest" time="24.679" errors="0" timestamp="2026-04-11T22:23:53 IST" skipped="0">
  <testcase classname="rahulshettyacademy.tests.SubmitOrderTest" name="submitOrder" time="11.254"/>
  <testcase classname="rahulshettyacademy.tests.SubmitOrderTest" name="submitOrder" time="13.425"/>
</testsuite> <!-- rahulshettyacademy.tests.SubmitOrderTest -->
