<?xml version="1.0" encoding="UTF-8"?>
<!-- Generated by org.testng.reporters.JUnitReportReporter -->
<testsuite hostname="DESKTOP-BT4GNBK" failures="0" tests="3" name="rahulshettyacademy.tests.SubmitOrderTest" time="53.124" errors="0" timestamp="2026-04-11T22:56:05 IST" skipped="0">
  <testcase classname="rahulshettyacademy.tests.SubmitOrderTest" name="submitOrder" time="21.319"/>
  <testcase classname="rahulshettyacademy.tests.SubmitOrderTest" name="submitOrder" time="25.622"/>
  <testcase classname="rahulshettyacademy.tests.SubmitOrderTest" name="OrderHistoryTest" time="6.183"/>
</testsuite> <!-- rahulshettyacademy.tests.SubmitOrderTest -->
