<?xml version="1.0" encoding="UTF-8"?>
<!-- Generated by org.testng.reporters.JUnitReportReporter -->
<testsuite hostname="DESKTOP-BT4GNBK" failures="0" tests="2" name="rahulshettyacademy.tests.ErrorValidationsTest" time="31.397" errors="0" timestamp="2026-04-11T22:56:05 IST" skipped="0">
  <testcase classname="rahulshettyacademy.tests.ErrorValidationsTest" name="ProductErrorValidation" time="25.353"/>
  <testcase classname="rahulshettyacademy.tests.ErrorValidationsTest" name="LoginErrorValidation" time="6.044"/>
</testsuite> <!-- rahulshettyacademy.tests.ErrorValidationsTest -->
